ARM GAS  /tmp/cci5LYi6.s 			page 1


   1              		.cpu cortex-m3
   2              		.arch armv7-m
   3              		.fpu softvfp
   4              		.eabi_attribute 20, 1
   5              		.eabi_attribute 21, 1
   6              		.eabi_attribute 23, 3
   7              		.eabi_attribute 24, 1
   8              		.eabi_attribute 25, 1
   9              		.eabi_attribute 26, 1
  10              		.eabi_attribute 30, 1
  11              		.eabi_attribute 34, 1
  12              		.eabi_attribute 18, 4
  13              		.file	"AD7794.c"
  14              		.text
  15              	.Ltext0:
  16              		.cfi_sections	.debug_frame
  17              		.section	.text.Read_8bit,"ax",%progbits
  18              		.align	1
  19              		.global	Read_8bit
  20              		.syntax unified
  21              		.thumb
  22              		.thumb_func
  24              	Read_8bit:
  25              	.LVL0:
  26              	.LFB65:
  27              		.file 1 "Core/Src/AD7794.c"
   1:Core/Src/AD7794.c **** #include "AD7794A.h"
   2:Core/Src/AD7794.c **** #include "spi.h"
   3:Core/Src/AD7794.c **** #include "usart.h"
   4:Core/Src/AD7794.c **** 
   5:Core/Src/AD7794.c **** #define reverse_bytes_16(num) ( ((num & 0x0000FF00) >> 8) | ((num & 0x000000FF) << 8) )
   6:Core/Src/AD7794.c **** #define reverse_bytes_32(num) (  ((num & 0x00FF0000) >> 16) | ((num & 0x0000FF00)) | ((num & 0x0000
   7:Core/Src/AD7794.c **** 
   8:Core/Src/AD7794.c **** uint32_t Read_8bit(uint8_t REG)
   9:Core/Src/AD7794.c **** {
  28              		.loc 1 9 1 view -0
  29              		.cfi_startproc
  30              		@ args = 0, pretend = 0, frame = 8
  31              		@ frame_needed = 0, uses_anonymous_args = 0
  32              		.loc 1 9 1 is_stmt 0 view .LVU1
  33 0000 10B5     		push	{r4, lr}
  34              	.LCFI0:
  35              		.cfi_def_cfa_offset 8
  36              		.cfi_offset 4, -8
  37              		.cfi_offset 14, -4
  38 0002 82B0     		sub	sp, sp, #8
  39              	.LCFI1:
  40              		.cfi_def_cfa_offset 16
  10:Core/Src/AD7794.c ****     uint8_t TX_Data = Comm_RW + (REG << 3);
  41              		.loc 1 10 5 is_stmt 1 view .LVU2
  42              		.loc 1 10 38 is_stmt 0 view .LVU3
  43 0004 C000     		lsls	r0, r0, #3
  44              	.LVL1:
  45              		.loc 1 10 38 view .LVU4
  46 0006 C0B2     		uxtb	r0, r0
  47              		.loc 1 10 31 view .LVU5
  48 0008 4030     		adds	r0, r0, #64
ARM GAS  /tmp/cci5LYi6.s 			page 2


  49              		.loc 1 10 13 view .LVU6
  50 000a 8DF80700 		strb	r0, [sp, #7]
  11:Core/Src/AD7794.c ****     uint32_t RX_Data = 0;
  51              		.loc 1 11 5 is_stmt 1 view .LVU7
  52              		.loc 1 11 14 is_stmt 0 view .LVU8
  53 000e 0023     		movs	r3, #0
  54 0010 0093     		str	r3, [sp]
  12:Core/Src/AD7794.c ****     HAL_SPI_Transmit(&hspi1, &TX_Data, 1, 1000);
  55              		.loc 1 12 5 is_stmt 1 view .LVU9
  56 0012 094C     		ldr	r4, .L3
  57 0014 4FF47A73 		mov	r3, #1000
  58 0018 0122     		movs	r2, #1
  59 001a 0DF10701 		add	r1, sp, #7
  60 001e 2046     		mov	r0, r4
  61 0020 FFF7FEFF 		bl	HAL_SPI_Transmit
  62              	.LVL2:
  13:Core/Src/AD7794.c ****     HAL_SPI_Receive(&hspi1, &RX_Data, 1, 1000);
  63              		.loc 1 13 5 view .LVU10
  64 0024 4FF47A73 		mov	r3, #1000
  65 0028 0122     		movs	r2, #1
  66 002a 6946     		mov	r1, sp
  67 002c 2046     		mov	r0, r4
  68 002e FFF7FEFF 		bl	HAL_SPI_Receive
  69              	.LVL3:
  14:Core/Src/AD7794.c ****     return RX_Data;
  70              		.loc 1 14 5 view .LVU11
  15:Core/Src/AD7794.c **** }
  71              		.loc 1 15 1 is_stmt 0 view .LVU12
  72 0032 0098     		ldr	r0, [sp]
  73 0034 02B0     		add	sp, sp, #8
  74              	.LCFI2:
  75              		.cfi_def_cfa_offset 8
  76              		@ sp needed
  77 0036 10BD     		pop	{r4, pc}
  78              	.L4:
  79              		.align	2
  80              	.L3:
  81 0038 00000000 		.word	hspi1
  82              		.cfi_endproc
  83              	.LFE65:
  85              		.section	.text.Read_16bit,"ax",%progbits
  86              		.align	1
  87              		.global	Read_16bit
  88              		.syntax unified
  89              		.thumb
  90              		.thumb_func
  92              	Read_16bit:
  93              	.LVL4:
  94              	.LFB66:
  16:Core/Src/AD7794.c **** 
  17:Core/Src/AD7794.c **** uint32_t Read_16bit(uint8_t REG)
  18:Core/Src/AD7794.c **** {
  95              		.loc 1 18 1 is_stmt 1 view -0
  96              		.cfi_startproc
  97              		@ args = 0, pretend = 0, frame = 8
  98              		@ frame_needed = 0, uses_anonymous_args = 0
  99              		.loc 1 18 1 is_stmt 0 view .LVU14
ARM GAS  /tmp/cci5LYi6.s 			page 3


 100 0000 10B5     		push	{r4, lr}
 101              	.LCFI3:
 102              		.cfi_def_cfa_offset 8
 103              		.cfi_offset 4, -8
 104              		.cfi_offset 14, -4
 105 0002 82B0     		sub	sp, sp, #8
 106              	.LCFI4:
 107              		.cfi_def_cfa_offset 16
  19:Core/Src/AD7794.c ****     uint8_t TX_Data = Comm_RW + (REG << 3);
 108              		.loc 1 19 5 is_stmt 1 view .LVU15
 109              		.loc 1 19 38 is_stmt 0 view .LVU16
 110 0004 C000     		lsls	r0, r0, #3
 111              	.LVL5:
 112              		.loc 1 19 38 view .LVU17
 113 0006 C0B2     		uxtb	r0, r0
 114              		.loc 1 19 31 view .LVU18
 115 0008 4030     		adds	r0, r0, #64
 116              		.loc 1 19 13 view .LVU19
 117 000a 8DF80700 		strb	r0, [sp, #7]
  20:Core/Src/AD7794.c ****     uint32_t RX_Data = 0;
 118              		.loc 1 20 5 is_stmt 1 view .LVU20
 119              		.loc 1 20 14 is_stmt 0 view .LVU21
 120 000e 0023     		movs	r3, #0
 121 0010 0093     		str	r3, [sp]
  21:Core/Src/AD7794.c ****     HAL_SPI_Transmit(&hspi1, &TX_Data, 1, 1000);
 122              		.loc 1 21 5 is_stmt 1 view .LVU22
 123 0012 0C4C     		ldr	r4, .L7
 124 0014 4FF47A73 		mov	r3, #1000
 125 0018 0122     		movs	r2, #1
 126 001a 0DF10701 		add	r1, sp, #7
 127 001e 2046     		mov	r0, r4
 128 0020 FFF7FEFF 		bl	HAL_SPI_Transmit
 129              	.LVL6:
  22:Core/Src/AD7794.c ****     HAL_SPI_Receive(&hspi1, &RX_Data, 2, 1000);
 130              		.loc 1 22 5 view .LVU23
 131 0024 4FF47A73 		mov	r3, #1000
 132 0028 0222     		movs	r2, #2
 133 002a 6946     		mov	r1, sp
 134 002c 2046     		mov	r0, r4
 135 002e FFF7FEFF 		bl	HAL_SPI_Receive
 136              	.LVL7:
  23:Core/Src/AD7794.c ****     RX_Data = reverse_bytes_16(RX_Data);
 137              		.loc 1 23 5 view .LVU24
 138              		.loc 1 23 15 is_stmt 0 view .LVU25
 139 0032 009B     		ldr	r3, [sp]
 140 0034 C3F30720 		ubfx	r0, r3, #8, #8
 141 0038 1B02     		lsls	r3, r3, #8
 142 003a 9BB2     		uxth	r3, r3
 143 003c 1843     		orrs	r0, r0, r3
 144              		.loc 1 23 13 view .LVU26
 145 003e 0090     		str	r0, [sp]
  24:Core/Src/AD7794.c ****     return RX_Data;
 146              		.loc 1 24 5 is_stmt 1 view .LVU27
  25:Core/Src/AD7794.c **** }
 147              		.loc 1 25 1 is_stmt 0 view .LVU28
 148 0040 02B0     		add	sp, sp, #8
 149              	.LCFI5:
ARM GAS  /tmp/cci5LYi6.s 			page 4


 150              		.cfi_def_cfa_offset 8
 151              		@ sp needed
 152 0042 10BD     		pop	{r4, pc}
 153              	.L8:
 154              		.align	2
 155              	.L7:
 156 0044 00000000 		.word	hspi1
 157              		.cfi_endproc
 158              	.LFE66:
 160              		.section	.text.Read_24bit,"ax",%progbits
 161              		.align	1
 162              		.global	Read_24bit
 163              		.syntax unified
 164              		.thumb
 165              		.thumb_func
 167              	Read_24bit:
 168              	.LVL8:
 169              	.LFB67:
  26:Core/Src/AD7794.c **** 
  27:Core/Src/AD7794.c **** uint32_t Read_24bit(uint8_t REG)
  28:Core/Src/AD7794.c **** {
 170              		.loc 1 28 1 is_stmt 1 view -0
 171              		.cfi_startproc
 172              		@ args = 0, pretend = 0, frame = 8
 173              		@ frame_needed = 0, uses_anonymous_args = 0
 174              		.loc 1 28 1 is_stmt 0 view .LVU30
 175 0000 10B5     		push	{r4, lr}
 176              	.LCFI6:
 177              		.cfi_def_cfa_offset 8
 178              		.cfi_offset 4, -8
 179              		.cfi_offset 14, -4
 180 0002 82B0     		sub	sp, sp, #8
 181              	.LCFI7:
 182              		.cfi_def_cfa_offset 16
  29:Core/Src/AD7794.c ****     uint8_t TX_Data = Comm_RW + (REG << 3);
 183              		.loc 1 29 5 is_stmt 1 view .LVU31
 184              		.loc 1 29 38 is_stmt 0 view .LVU32
 185 0004 C000     		lsls	r0, r0, #3
 186              	.LVL9:
 187              		.loc 1 29 38 view .LVU33
 188 0006 C0B2     		uxtb	r0, r0
 189              		.loc 1 29 31 view .LVU34
 190 0008 4030     		adds	r0, r0, #64
 191              		.loc 1 29 13 view .LVU35
 192 000a 8DF80700 		strb	r0, [sp, #7]
  30:Core/Src/AD7794.c ****     uint32_t RX_Data = 0;
 193              		.loc 1 30 5 is_stmt 1 view .LVU36
 194              		.loc 1 30 14 is_stmt 0 view .LVU37
 195 000e 0023     		movs	r3, #0
 196 0010 0093     		str	r3, [sp]
  31:Core/Src/AD7794.c ****     HAL_SPI_Transmit(&hspi1, &TX_Data, 1, 1000);
 197              		.loc 1 31 5 is_stmt 1 view .LVU38
 198 0012 0E4C     		ldr	r4, .L11
 199 0014 4FF47A73 		mov	r3, #1000
 200 0018 0122     		movs	r2, #1
 201 001a 0DF10701 		add	r1, sp, #7
 202 001e 2046     		mov	r0, r4
ARM GAS  /tmp/cci5LYi6.s 			page 5


 203 0020 FFF7FEFF 		bl	HAL_SPI_Transmit
 204              	.LVL10:
  32:Core/Src/AD7794.c ****     HAL_SPI_Receive(&hspi1, &RX_Data, 3, 1000);
 205              		.loc 1 32 5 view .LVU39
 206 0024 4FF47A73 		mov	r3, #1000
 207 0028 0322     		movs	r2, #3
 208 002a 6946     		mov	r1, sp
 209 002c 2046     		mov	r0, r4
 210 002e FFF7FEFF 		bl	HAL_SPI_Receive
 211              	.LVL11:
  33:Core/Src/AD7794.c ****     RX_Data = reverse_bytes_32(RX_Data);
 212              		.loc 1 33 5 view .LVU40
 213              		.loc 1 33 15 is_stmt 0 view .LVU41
 214 0032 009B     		ldr	r3, [sp]
 215 0034 C3F30740 		ubfx	r0, r3, #16, #8
 216 0038 03F47F42 		and	r2, r3, #65280
 217 003c 1043     		orrs	r0, r0, r2
 218 003e 1B04     		lsls	r3, r3, #16
 219 0040 03F47F03 		and	r3, r3, #16711680
 220 0044 1843     		orrs	r0, r0, r3
 221              		.loc 1 33 13 view .LVU42
 222 0046 0090     		str	r0, [sp]
  34:Core/Src/AD7794.c ****     return RX_Data;
 223              		.loc 1 34 5 is_stmt 1 view .LVU43
  35:Core/Src/AD7794.c **** }
 224              		.loc 1 35 1 is_stmt 0 view .LVU44
 225 0048 02B0     		add	sp, sp, #8
 226              	.LCFI8:
 227              		.cfi_def_cfa_offset 8
 228              		@ sp needed
 229 004a 10BD     		pop	{r4, pc}
 230              	.L12:
 231              		.align	2
 232              	.L11:
 233 004c 00000000 		.word	hspi1
 234              		.cfi_endproc
 235              	.LFE67:
 237              		.section	.text.Write_8bit,"ax",%progbits
 238              		.align	1
 239              		.global	Write_8bit
 240              		.syntax unified
 241              		.thumb
 242              		.thumb_func
 244              	Write_8bit:
 245              	.LVL12:
 246              	.LFB68:
  36:Core/Src/AD7794.c **** 
  37:Core/Src/AD7794.c **** void Write_8bit(uint8_t REG, uint8_t Data)
  38:Core/Src/AD7794.c **** {
 247              		.loc 1 38 1 is_stmt 1 view -0
 248              		.cfi_startproc
 249              		@ args = 0, pretend = 0, frame = 16
 250              		@ frame_needed = 0, uses_anonymous_args = 0
 251              		.loc 1 38 1 is_stmt 0 view .LVU46
 252 0000 10B5     		push	{r4, lr}
 253              	.LCFI9:
 254              		.cfi_def_cfa_offset 8
ARM GAS  /tmp/cci5LYi6.s 			page 6


 255              		.cfi_offset 4, -8
 256              		.cfi_offset 14, -4
 257 0002 84B0     		sub	sp, sp, #16
 258              	.LCFI10:
 259              		.cfi_def_cfa_offset 24
 260 0004 8DF80710 		strb	r1, [sp, #7]
  39:Core/Src/AD7794.c ****     uint8_t TX_Data = (REG << 3);
 261              		.loc 1 39 5 is_stmt 1 view .LVU47
 262              		.loc 1 39 28 is_stmt 0 view .LVU48
 263 0008 C000     		lsls	r0, r0, #3
 264              	.LVL13:
 265              		.loc 1 39 13 view .LVU49
 266 000a 8DF80F00 		strb	r0, [sp, #15]
  40:Core/Src/AD7794.c ****     HAL_SPI_Transmit(&hspi1, &TX_Data, 1, 1000);
 267              		.loc 1 40 5 is_stmt 1 view .LVU50
 268 000e 094C     		ldr	r4, .L15
 269 0010 4FF47A73 		mov	r3, #1000
 270 0014 0122     		movs	r2, #1
 271 0016 0DF10F01 		add	r1, sp, #15
 272              	.LVL14:
 273              		.loc 1 40 5 is_stmt 0 view .LVU51
 274 001a 2046     		mov	r0, r4
 275 001c FFF7FEFF 		bl	HAL_SPI_Transmit
 276              	.LVL15:
  41:Core/Src/AD7794.c ****     HAL_SPI_Transmit(&hspi1, &Data, 1, 1000);
 277              		.loc 1 41 5 is_stmt 1 view .LVU52
 278 0020 4FF47A73 		mov	r3, #1000
 279 0024 0122     		movs	r2, #1
 280 0026 0DF10701 		add	r1, sp, #7
 281 002a 2046     		mov	r0, r4
 282 002c FFF7FEFF 		bl	HAL_SPI_Transmit
 283              	.LVL16:
  42:Core/Src/AD7794.c **** }
 284              		.loc 1 42 1 is_stmt 0 view .LVU53
 285 0030 04B0     		add	sp, sp, #16
 286              	.LCFI11:
 287              		.cfi_def_cfa_offset 8
 288              		@ sp needed
 289 0032 10BD     		pop	{r4, pc}
 290              	.L16:
 291              		.align	2
 292              	.L15:
 293 0034 00000000 		.word	hspi1
 294              		.cfi_endproc
 295              	.LFE68:
 297              		.section	.text.Write_16bit,"ax",%progbits
 298              		.align	1
 299              		.global	Write_16bit
 300              		.syntax unified
 301              		.thumb
 302              		.thumb_func
 304              	Write_16bit:
 305              	.LVL17:
 306              	.LFB69:
  43:Core/Src/AD7794.c **** 
  44:Core/Src/AD7794.c **** void Write_16bit(uint8_t REG, uint16_t Data)
  45:Core/Src/AD7794.c **** {
ARM GAS  /tmp/cci5LYi6.s 			page 7


 307              		.loc 1 45 1 is_stmt 1 view -0
 308              		.cfi_startproc
 309              		@ args = 0, pretend = 0, frame = 8
 310              		@ frame_needed = 0, uses_anonymous_args = 0
 311              		.loc 1 45 1 is_stmt 0 view .LVU55
 312 0000 10B5     		push	{r4, lr}
 313              	.LCFI12:
 314              		.cfi_def_cfa_offset 8
 315              		.cfi_offset 4, -8
 316              		.cfi_offset 14, -4
 317 0002 82B0     		sub	sp, sp, #8
 318              	.LCFI13:
 319              		.cfi_def_cfa_offset 16
  46:Core/Src/AD7794.c ****     uint8_t TX_Data = (REG << 3);
 320              		.loc 1 46 5 is_stmt 1 view .LVU56
 321              		.loc 1 46 28 is_stmt 0 view .LVU57
 322 0004 C000     		lsls	r0, r0, #3
 323              	.LVL18:
 324              		.loc 1 46 13 view .LVU58
 325 0006 8DF80700 		strb	r0, [sp, #7]
  47:Core/Src/AD7794.c ****     uint16_t RX_Data = reverse_bytes_16(Data);
 326              		.loc 1 47 5 is_stmt 1 view .LVU59
 327              		.loc 1 47 24 is_stmt 0 view .LVU60
 328 000a 0B02     		lsls	r3, r1, #8
 329 000c 43EA1121 		orr	r1, r3, r1, lsr #8
 330              	.LVL19:
 331              		.loc 1 47 14 view .LVU61
 332 0010 ADF80410 		strh	r1, [sp, #4]	@ movhi
  48:Core/Src/AD7794.c ****     //Data = reverse_bytes_16(Data);
  49:Core/Src/AD7794.c ****     HAL_SPI_Transmit(&hspi1, &TX_Data, 1, 1000);
 333              		.loc 1 49 5 is_stmt 1 view .LVU62
 334 0014 084C     		ldr	r4, .L19
 335 0016 4FF47A73 		mov	r3, #1000
 336 001a 0122     		movs	r2, #1
 337 001c 0DF10701 		add	r1, sp, #7
 338 0020 2046     		mov	r0, r4
 339 0022 FFF7FEFF 		bl	HAL_SPI_Transmit
 340              	.LVL20:
  50:Core/Src/AD7794.c ****     HAL_SPI_Transmit(&hspi1, &RX_Data, 2, 1000);
 341              		.loc 1 50 5 view .LVU63
 342 0026 4FF47A73 		mov	r3, #1000
 343 002a 0222     		movs	r2, #2
 344 002c 01A9     		add	r1, sp, #4
 345 002e 2046     		mov	r0, r4
 346 0030 FFF7FEFF 		bl	HAL_SPI_Transmit
 347              	.LVL21:
  51:Core/Src/AD7794.c **** }
 348              		.loc 1 51 1 is_stmt 0 view .LVU64
 349 0034 02B0     		add	sp, sp, #8
 350              	.LCFI14:
 351              		.cfi_def_cfa_offset 8
 352              		@ sp needed
 353 0036 10BD     		pop	{r4, pc}
 354              	.L20:
 355              		.align	2
 356              	.L19:
 357 0038 00000000 		.word	hspi1
ARM GAS  /tmp/cci5LYi6.s 			page 8


 358              		.cfi_endproc
 359              	.LFE69:
 361              		.section	.text.Write_24bit,"ax",%progbits
 362              		.align	1
 363              		.global	Write_24bit
 364              		.syntax unified
 365              		.thumb
 366              		.thumb_func
 368              	Write_24bit:
 369              	.LVL22:
 370              	.LFB70:
  52:Core/Src/AD7794.c **** 
  53:Core/Src/AD7794.c **** void Write_24bit(uint8_t REG, uint32_t Data)
  54:Core/Src/AD7794.c **** {
 371              		.loc 1 54 1 is_stmt 1 view -0
 372              		.cfi_startproc
 373              		@ args = 0, pretend = 0, frame = 16
 374              		@ frame_needed = 0, uses_anonymous_args = 0
 375              		.loc 1 54 1 is_stmt 0 view .LVU66
 376 0000 10B5     		push	{r4, lr}
 377              	.LCFI15:
 378              		.cfi_def_cfa_offset 8
 379              		.cfi_offset 4, -8
 380              		.cfi_offset 14, -4
 381 0002 84B0     		sub	sp, sp, #16
 382              	.LCFI16:
 383              		.cfi_def_cfa_offset 24
 384 0004 0191     		str	r1, [sp, #4]
  55:Core/Src/AD7794.c ****     uint8_t TX_Data = (REG << 3);
 385              		.loc 1 55 5 is_stmt 1 view .LVU67
 386              		.loc 1 55 28 is_stmt 0 view .LVU68
 387 0006 C000     		lsls	r0, r0, #3
 388              	.LVL23:
 389              		.loc 1 55 13 view .LVU69
 390 0008 8DF80F00 		strb	r0, [sp, #15]
  56:Core/Src/AD7794.c ****     Data = reverse_bytes_24(Data);
 391              		.loc 1 56 5 is_stmt 1 view .LVU70
 392              		.loc 1 56 12 is_stmt 0 view .LVU71
 393 000c 0846     		mov	r0, r1
 394 000e FFF7FEFF 		bl	reverse_bytes_24
 395              	.LVL24:
 396              		.loc 1 56 10 view .LVU72
 397 0012 0190     		str	r0, [sp, #4]
  57:Core/Src/AD7794.c ****     HAL_SPI_Transmit(&hspi1, &TX_Data, 1, 1000);
 398              		.loc 1 57 5 is_stmt 1 view .LVU73
 399 0014 084C     		ldr	r4, .L23
 400 0016 4FF47A73 		mov	r3, #1000
 401 001a 0122     		movs	r2, #1
 402 001c 0DF10F01 		add	r1, sp, #15
 403 0020 2046     		mov	r0, r4
 404 0022 FFF7FEFF 		bl	HAL_SPI_Transmit
 405              	.LVL25:
  58:Core/Src/AD7794.c ****     HAL_SPI_Transmit(&hspi1, &Data, 3, 1000);
 406              		.loc 1 58 5 view .LVU74
 407 0026 4FF47A73 		mov	r3, #1000
 408 002a 0322     		movs	r2, #3
 409 002c 01A9     		add	r1, sp, #4
ARM GAS  /tmp/cci5LYi6.s 			page 9


 410 002e 2046     		mov	r0, r4
 411 0030 FFF7FEFF 		bl	HAL_SPI_Transmit
 412              	.LVL26:
  59:Core/Src/AD7794.c **** }
 413              		.loc 1 59 1 is_stmt 0 view .LVU75
 414 0034 04B0     		add	sp, sp, #16
 415              	.LCFI17:
 416              		.cfi_def_cfa_offset 8
 417              		@ sp needed
 418 0036 10BD     		pop	{r4, pc}
 419              	.L24:
 420              		.align	2
 421              	.L23:
 422 0038 00000000 		.word	hspi1
 423              		.cfi_endproc
 424              	.LFE70:
 426              		.section	.text.Reg16_Set,"ax",%progbits
 427              		.align	1
 428              		.global	Reg16_Set
 429              		.syntax unified
 430              		.thumb
 431              		.thumb_func
 433              	Reg16_Set:
 434              	.LVL27:
 435              	.LFB71:
  60:Core/Src/AD7794.c **** 
  61:Core/Src/AD7794.c **** 
  62:Core/Src/AD7794.c **** void Reg16_Set(uint8_t REG, uint16_t Bits, uint16_t Set, uint16_t *value)
  63:Core/Src/AD7794.c **** {
 436              		.loc 1 63 1 is_stmt 1 view -0
 437              		.cfi_startproc
 438              		@ args = 0, pretend = 0, frame = 0
 439              		@ frame_needed = 0, uses_anonymous_args = 0
 440              		@ link register save eliminated.
  64:Core/Src/AD7794.c ****     //int16_t value = 0;
  65:Core/Src/AD7794.c ****     //value = Read_16bit(REG);
  66:Core/Src/AD7794.c ****     *value &= ~Bits;
 441              		.loc 1 66 5 view .LVU77
 442              		.loc 1 66 12 is_stmt 0 view .LVU78
 443 0000 1888     		ldrh	r0, [r3]
 444              	.LVL28:
 445              		.loc 1 66 12 view .LVU79
 446 0002 20EA0101 		bic	r1, r0, r1
 447              	.LVL29:
 448              		.loc 1 66 12 view .LVU80
 449 0006 89B2     		uxth	r1, r1
 450 0008 1980     		strh	r1, [r3]	@ movhi
  67:Core/Src/AD7794.c ****     *value |= Set;
 451              		.loc 1 67 5 is_stmt 1 view .LVU81
 452              		.loc 1 67 12 is_stmt 0 view .LVU82
 453 000a 1143     		orrs	r1, r1, r2
 454 000c 1980     		strh	r1, [r3]	@ movhi
  68:Core/Src/AD7794.c ****     //Write_16bit(REG, value);
  69:Core/Src/AD7794.c **** }
 455              		.loc 1 69 1 view .LVU83
 456 000e 7047     		bx	lr
 457              		.cfi_endproc
ARM GAS  /tmp/cci5LYi6.s 			page 10


 458              	.LFE71:
 460              		.section	.text.Reg16_Reset,"ax",%progbits
 461              		.align	1
 462              		.global	Reg16_Reset
 463              		.syntax unified
 464              		.thumb
 465              		.thumb_func
 467              	Reg16_Reset:
 468              	.LVL30:
 469              	.LFB72:
  70:Core/Src/AD7794.c **** 
  71:Core/Src/AD7794.c **** void Reg16_Reset(uint8_t REG, uint16_t Reset, uint16_t *value)
  72:Core/Src/AD7794.c **** {
 470              		.loc 1 72 1 is_stmt 1 view -0
 471              		.cfi_startproc
 472              		@ args = 0, pretend = 0, frame = 0
 473              		@ frame_needed = 0, uses_anonymous_args = 0
 474              		@ link register save eliminated.
  73:Core/Src/AD7794.c ****     //int16_t value = 0;
  74:Core/Src/AD7794.c ****     //value = Read_16bit(REG);
  75:Core/Src/AD7794.c ****     *value &= ~Reset;
 475              		.loc 1 75 5 view .LVU85
 476              		.loc 1 75 12 is_stmt 0 view .LVU86
 477 0000 1388     		ldrh	r3, [r2]
 478 0002 23EA0103 		bic	r3, r3, r1
 479 0006 1380     		strh	r3, [r2]	@ movhi
  76:Core/Src/AD7794.c ****     //Write_16bit(REG, value);
  77:Core/Src/AD7794.c **** }
 480              		.loc 1 77 1 view .LVU87
 481 0008 7047     		bx	lr
 482              		.cfi_endproc
 483              	.LFE72:
 485              		.section	.text.Reg8_Set,"ax",%progbits
 486              		.align	1
 487              		.global	Reg8_Set
 488              		.syntax unified
 489              		.thumb
 490              		.thumb_func
 492              	Reg8_Set:
 493              	.LVL31:
 494              	.LFB73:
  78:Core/Src/AD7794.c **** 
  79:Core/Src/AD7794.c **** void Reg8_Set(uint8_t REG, uint16_t Bits, uint16_t Set, uint16_t *value)
  80:Core/Src/AD7794.c **** {
 495              		.loc 1 80 1 is_stmt 1 view -0
 496              		.cfi_startproc
 497              		@ args = 0, pretend = 0, frame = 0
 498              		@ frame_needed = 0, uses_anonymous_args = 0
 499              		@ link register save eliminated.
  81:Core/Src/AD7794.c ****     //int8_t value = 0;
  82:Core/Src/AD7794.c ****     //value = Read_8bit(REG);
  83:Core/Src/AD7794.c ****     *value &= ~Bits;
 500              		.loc 1 83 5 view .LVU89
 501              		.loc 1 83 12 is_stmt 0 view .LVU90
 502 0000 1888     		ldrh	r0, [r3]
 503              	.LVL32:
 504              		.loc 1 83 12 view .LVU91
ARM GAS  /tmp/cci5LYi6.s 			page 11


 505 0002 20EA0101 		bic	r1, r0, r1
 506              	.LVL33:
 507              		.loc 1 83 12 view .LVU92
 508 0006 89B2     		uxth	r1, r1
 509 0008 1980     		strh	r1, [r3]	@ movhi
  84:Core/Src/AD7794.c ****     *value |= Set;
 510              		.loc 1 84 5 is_stmt 1 view .LVU93
 511              		.loc 1 84 12 is_stmt 0 view .LVU94
 512 000a 1143     		orrs	r1, r1, r2
 513 000c 1980     		strh	r1, [r3]	@ movhi
  85:Core/Src/AD7794.c ****     //Write_8bit(REG, value);
  86:Core/Src/AD7794.c **** }
 514              		.loc 1 86 1 view .LVU95
 515 000e 7047     		bx	lr
 516              		.cfi_endproc
 517              	.LFE73:
 519              		.section	.text.Reg8_Reset,"ax",%progbits
 520              		.align	1
 521              		.global	Reg8_Reset
 522              		.syntax unified
 523              		.thumb
 524              		.thumb_func
 526              	Reg8_Reset:
 527              	.LVL34:
 528              	.LFB74:
  87:Core/Src/AD7794.c **** 
  88:Core/Src/AD7794.c **** void Reg8_Reset(uint8_t REG, uint16_t Reset, uint16_t *value)
  89:Core/Src/AD7794.c **** {
 529              		.loc 1 89 1 is_stmt 1 view -0
 530              		.cfi_startproc
 531              		@ args = 0, pretend = 0, frame = 0
 532              		@ frame_needed = 0, uses_anonymous_args = 0
 533              		@ link register save eliminated.
  90:Core/Src/AD7794.c ****     //int8_t value = 0;
  91:Core/Src/AD7794.c ****     //value = Read_8bit(REG);
  92:Core/Src/AD7794.c ****     *value &= ~Reset;
 534              		.loc 1 92 5 view .LVU97
 535              		.loc 1 92 12 is_stmt 0 view .LVU98
 536 0000 1388     		ldrh	r3, [r2]
 537 0002 23EA0103 		bic	r3, r3, r1
 538 0006 1380     		strh	r3, [r2]	@ movhi
  93:Core/Src/AD7794.c ****     //Write_8bit(REG, value);
  94:Core/Src/AD7794.c **** }
 539              		.loc 1 94 1 view .LVU99
 540 0008 7047     		bx	lr
 541              		.cfi_endproc
 542              	.LFE74:
 544              		.section	.text.AD7794_Init,"ax",%progbits
 545              		.align	1
 546              		.global	AD7794_Init
 547              		.syntax unified
 548              		.thumb
 549              		.thumb_func
 551              	AD7794_Init:
 552              	.LFB75:
  95:Core/Src/AD7794.c **** 
  96:Core/Src/AD7794.c **** void AD7794_Init(void)
ARM GAS  /tmp/cci5LYi6.s 			page 12


  97:Core/Src/AD7794.c **** {
 553              		.loc 1 97 1 is_stmt 1 view -0
 554              		.cfi_startproc
 555              		@ args = 0, pretend = 0, frame = 0
 556              		@ frame_needed = 0, uses_anonymous_args = 0
 557 0000 10B5     		push	{r4, lr}
 558              	.LCFI18:
 559              		.cfi_def_cfa_offset 8
 560              		.cfi_offset 4, -8
 561              		.cfi_offset 14, -4
  98:Core/Src/AD7794.c ****     
  99:Core/Src/AD7794.c ****     char str[30];
 562              		.loc 1 99 5 view .LVU101
 100:Core/Src/AD7794.c ****     uint16_t Data;
 563              		.loc 1 100 5 view .LVU102
 101:Core/Src/AD7794.c ****     /*
 102:Core/Src/AD7794.c ****     Data = Read_16bit(Mode_Reg);                            
 103:Core/Src/AD7794.c ****     sprintf(str, "Mode: 0x%08x\n", Data);
 104:Core/Src/AD7794.c ****     HAL_UART_Transmit(&huart1, str, strlen(str), 1000);
 105:Core/Src/AD7794.c ****     */
 106:Core/Src/AD7794.c ****     
 107:Core/Src/AD7794.c ****    static uint16_t value_16;
 564              		.loc 1 107 4 view .LVU103
 108:Core/Src/AD7794.c ****    static uint8_t value_8;
 565              		.loc 1 108 4 view .LVU104
 109:Core/Src/AD7794.c **** 
 110:Core/Src/AD7794.c ****     /*------Configuration Register Init------*/
 111:Core/Src/AD7794.c ****     value_16 = Read_16bit(Conf_Reg);                                // New reg value
 566              		.loc 1 111 5 view .LVU105
 567              		.loc 1 111 16 is_stmt 0 view .LVU106
 568 0002 0220     		movs	r0, #2
 569 0004 FFF7FEFF 		bl	Read_16bit
 570              	.LVL35:
 571              		.loc 1 111 14 view .LVU107
 572 0008 2B4C     		ldr	r4, .L31
 573 000a 2080     		strh	r0, [r4]	@ movhi
 112:Core/Src/AD7794.c ****     Reg16_Set(Conf_Reg, Conf_Vbias, Conf_VB_DIS, &value_16);        // Bias voltage diable
 574              		.loc 1 112 5 is_stmt 1 view .LVU108
 575 000c 2346     		mov	r3, r4
 576 000e 0022     		movs	r2, #0
 577 0010 4FF44041 		mov	r1, #49152
 578 0014 0220     		movs	r0, #2
 579 0016 FFF7FEFF 		bl	Reg16_Set
 580              	.LVL36:
 113:Core/Src/AD7794.c ****     Reg16_Reset(Conf_Reg, Conf_BO, &value_16);                      // Butnout current disable
 581              		.loc 1 113 5 view .LVU109
 582 001a 2246     		mov	r2, r4
 583 001c 4FF40051 		mov	r1, #8192
 584 0020 0220     		movs	r0, #2
 585 0022 FFF7FEFF 		bl	Reg16_Reset
 586              	.LVL37:
 114:Core/Src/AD7794.c ****     Reg16_Reset(Conf_Reg, Conf_UB, &value_16);                      // Bipolar enable              
 587              		.loc 1 114 5 view .LVU110
 588 0026 2246     		mov	r2, r4
 589 0028 4FF48051 		mov	r1, #4096
 590 002c 0220     		movs	r0, #2
 591 002e FFF7FEFF 		bl	Reg16_Reset
ARM GAS  /tmp/cci5LYi6.s 			page 13


 592              	.LVL38:
 115:Core/Src/AD7794.c ****     Reg16_Reset(Conf_Reg, Conf_Zero, &value_16);                    // Disable zero bits
 593              		.loc 1 115 5 view .LVU111
 594 0032 2246     		mov	r2, r4
 595 0034 4FF40061 		mov	r1, #2048
 596 0038 0220     		movs	r0, #2
 597 003a FFF7FEFF 		bl	Reg16_Reset
 598              	.LVL39:
 116:Core/Src/AD7794.c ****     Reg16_Set(Conf_Reg, Conf_Gains, Conf_G8, &value_16);            // Gain = 16
 599              		.loc 1 116 5 view .LVU112
 600 003e 2346     		mov	r3, r4
 601 0040 4FF44072 		mov	r2, #768
 602 0044 4FF4E061 		mov	r1, #1792
 603 0048 0220     		movs	r0, #2
 604 004a FFF7FEFF 		bl	Reg16_Set
 605              	.LVL40:
 117:Core/Src/AD7794.c ****     Reg16_Set(Conf_Reg, Conf_Ref, Conf_Int, &value_16);             // Internal 1.17v ref
 606              		.loc 1 117 5 view .LVU113
 607 004e 2346     		mov	r3, r4
 608 0050 8022     		movs	r2, #128
 609 0052 C021     		movs	r1, #192
 610 0054 0220     		movs	r0, #2
 611 0056 FFF7FEFF 		bl	Reg16_Set
 612              	.LVL41:
 118:Core/Src/AD7794.c ****     //Reg16_Reset(Conf_Reg, Conf_Ref_Det, &value_16);               // Ref detection disable
 119:Core/Src/AD7794.c ****     Reg16_Set(Conf_Reg, Conf_Ref_Det, Conf_Ref_Det, &value_16);     // Ref detection enable
 613              		.loc 1 119 5 view .LVU114
 614 005a 2346     		mov	r3, r4
 615 005c 2022     		movs	r2, #32
 616 005e 1146     		mov	r1, r2
 617 0060 0220     		movs	r0, #2
 618 0062 FFF7FEFF 		bl	Reg16_Set
 619              	.LVL42:
 120:Core/Src/AD7794.c ****     Reg16_Set(Conf_Reg, Conf_Buf, Conf_Buf, &value_16);             // Enable buffering mode
 620              		.loc 1 120 5 view .LVU115
 621 0066 2346     		mov	r3, r4
 622 0068 1022     		movs	r2, #16
 623 006a 1146     		mov	r1, r2
 624 006c 0220     		movs	r0, #2
 625 006e FFF7FEFF 		bl	Reg16_Set
 626              	.LVL43:
 121:Core/Src/AD7794.c ****     Reg16_Set(Conf_Reg, Conf_Channles, Conf_Ch_AIN1, &value_16);    // Enable channle AIN1+/-
 627              		.loc 1 121 5 view .LVU116
 628 0072 2346     		mov	r3, r4
 629 0074 0022     		movs	r2, #0
 630 0076 0F21     		movs	r1, #15
 631 0078 0220     		movs	r0, #2
 632 007a FFF7FEFF 		bl	Reg16_Set
 633              	.LVL44:
 122:Core/Src/AD7794.c ****    //Reg16_Set(Conf_Reg, Conf_Channles, Conf_Ch_Temp, &value_16);   // Enable channle temp
 123:Core/Src/AD7794.c ****     Write_16bit(Conf_Reg, value_16);                                // Write to reg
 634              		.loc 1 123 5 view .LVU117
 635 007e 2188     		ldrh	r1, [r4]
 636 0080 0220     		movs	r0, #2
 637 0082 FFF7FEFF 		bl	Write_16bit
 638              	.LVL45:
 124:Core/Src/AD7794.c **** 
ARM GAS  /tmp/cci5LYi6.s 			page 14


 125:Core/Src/AD7794.c **** 
 126:Core/Src/AD7794.c ****     //Data = Read_16bit(Conf_Reg);
 127:Core/Src/AD7794.c ****     //sprintf(str, "Conf: 0x%08x\n\r", Data);                         
 128:Core/Src/AD7794.c ****     //HAL_UART_Transmit(&huart1, str, strlen(str), 1000);
 129:Core/Src/AD7794.c ****     /*---------------------------------------*/
 130:Core/Src/AD7794.c **** 
 131:Core/Src/AD7794.c ****     /*------IO Register Init------*/
 132:Core/Src/AD7794.c ****     //value_16 = Read_16bit(Conf_Reg);                               // New reg value
 133:Core/Src/AD7794.c ****     Reg8_Reset(IO_Reg, IO_Zero, &value_8);                        // Disable zero bits
 639              		.loc 1 133 5 view .LVU118
 640 0086 0D4C     		ldr	r4, .L31+4
 641 0088 2246     		mov	r2, r4
 642 008a 8021     		movs	r1, #128
 643 008c 0520     		movs	r0, #5
 644 008e FFF7FEFF 		bl	Reg8_Reset
 645              	.LVL46:
 134:Core/Src/AD7794.c ****     Reg8_Reset(IO_Reg, IO_IOEN, &value_8);                        // Enable analog AIN6
 646              		.loc 1 134 5 view .LVU119
 647 0092 2246     		mov	r2, r4
 648 0094 4021     		movs	r1, #64
 649 0096 0520     		movs	r0, #5
 650 0098 FFF7FEFF 		bl	Reg8_Reset
 651              	.LVL47:
 135:Core/Src/AD7794.c ****     Reg8_Reset(IO_Reg, IO_IEXCEN_Dis, &value_8);                  // Excitation currents disable
 652              		.loc 1 135 5 view .LVU120
 653 009c 2246     		mov	r2, r4
 654 009e 0021     		movs	r1, #0
 655 00a0 0520     		movs	r0, #5
 656 00a2 FFF7FEFF 		bl	Reg8_Reset
 657              	.LVL48:
 136:Core/Src/AD7794.c ****     Write_8bit(IO_Reg, value_8);                                //Write to reg
 658              		.loc 1 136 5 view .LVU121
 659 00a6 2178     		ldrb	r1, [r4]	@ zero_extendqisi2
 660 00a8 0520     		movs	r0, #5
 661 00aa FFF7FEFF 		bl	Write_8bit
 662              	.LVL49:
 137:Core/Src/AD7794.c ****     Write_8bit(IO_Reg, value_8);                                //Write to reg
 663              		.loc 1 137 5 view .LVU122
 664 00ae 2178     		ldrb	r1, [r4]	@ zero_extendqisi2
 665 00b0 0520     		movs	r0, #5
 666 00b2 FFF7FEFF 		bl	Write_8bit
 667              	.LVL50:
 138:Core/Src/AD7794.c ****     /*----------------------------*/
 139:Core/Src/AD7794.c **** 
 140:Core/Src/AD7794.c **** 
 141:Core/Src/AD7794.c ****     //Data = Read_16bit(Conf_Reg);
 142:Core/Src/AD7794.c ****     //sprintf(str, "Conf: 0x%08x\n\r", Data);                         
 143:Core/Src/AD7794.c ****     //HAL_UART_Transmit(&huart1, str, strlen(str), 1000);
 144:Core/Src/AD7794.c **** 
 145:Core/Src/AD7794.c ****     //HAL_Delay(1000);
 146:Core/Src/AD7794.c **** }
 668              		.loc 1 146 1 is_stmt 0 view .LVU123
 669 00b6 10BD     		pop	{r4, pc}
 670              	.L32:
 671              		.align	2
 672              	.L31:
 673 00b8 00000000 		.word	.LANCHOR0
ARM GAS  /tmp/cci5LYi6.s 			page 15


 674 00bc 00000000 		.word	.LANCHOR1
 675              		.cfi_endproc
 676              	.LFE75:
 678              		.section	.text.AD7794_Single_Conversion,"ax",%progbits
 679              		.align	1
 680              		.global	AD7794_Single_Conversion
 681              		.syntax unified
 682              		.thumb
 683              		.thumb_func
 685              	AD7794_Single_Conversion:
 686              	.LVL51:
 687              	.LFB76:
 147:Core/Src/AD7794.c **** 
 148:Core/Src/AD7794.c **** uint32_t AD7794_Single_Conversion(uint8_t Channel)
 149:Core/Src/AD7794.c **** {
 688              		.loc 1 149 1 is_stmt 1 view -0
 689              		.cfi_startproc
 690              		@ args = 0, pretend = 0, frame = 0
 691              		@ frame_needed = 0, uses_anonymous_args = 0
 692              		.loc 1 149 1 is_stmt 0 view .LVU125
 693 0000 70B5     		push	{r4, r5, r6, lr}
 694              	.LCFI19:
 695              		.cfi_def_cfa_offset 16
 696              		.cfi_offset 4, -16
 697              		.cfi_offset 5, -12
 698              		.cfi_offset 6, -8
 699              		.cfi_offset 14, -4
 700 0002 0646     		mov	r6, r0
 150:Core/Src/AD7794.c **** 
 151:Core/Src/AD7794.c ****     static uint16_t value_16;
 701              		.loc 1 151 5 is_stmt 1 view .LVU126
 152:Core/Src/AD7794.c ****     value_16 = 0;
 702              		.loc 1 152 5 view .LVU127
 703              		.loc 1 152 14 is_stmt 0 view .LVU128
 704 0004 3A4C     		ldr	r4, .L36
 705 0006 0025     		movs	r5, #0
 706 0008 2580     		strh	r5, [r4]	@ movhi
 153:Core/Src/AD7794.c ****     Reg16_Set(Conf_Reg, Conf_Vbias, Conf_VB_DIS, &value_16);        // Bias voltage diable
 707              		.loc 1 153 5 is_stmt 1 view .LVU129
 708 000a 2346     		mov	r3, r4
 709 000c 2A46     		mov	r2, r5
 710 000e 4FF44041 		mov	r1, #49152
 711 0012 0220     		movs	r0, #2
 712              	.LVL52:
 713              		.loc 1 153 5 is_stmt 0 view .LVU130
 714 0014 FFF7FEFF 		bl	Reg16_Set
 715              	.LVL53:
 154:Core/Src/AD7794.c ****     Reg16_Reset(Conf_Reg, Conf_BO, &value_16);                      // Burnout current disable
 716              		.loc 1 154 5 is_stmt 1 view .LVU131
 717 0018 2246     		mov	r2, r4
 718 001a 4FF40051 		mov	r1, #8192
 719 001e 0220     		movs	r0, #2
 720 0020 FFF7FEFF 		bl	Reg16_Reset
 721              	.LVL54:
 155:Core/Src/AD7794.c ****     Reg16_Reset(Conf_Reg, Conf_UB, &value_16);                      // Bipolar enable              
 722              		.loc 1 155 5 view .LVU132
 723 0024 2246     		mov	r2, r4
ARM GAS  /tmp/cci5LYi6.s 			page 16


 724 0026 4FF48051 		mov	r1, #4096
 725 002a 0220     		movs	r0, #2
 726 002c FFF7FEFF 		bl	Reg16_Reset
 727              	.LVL55:
 156:Core/Src/AD7794.c ****     Reg16_Reset(Conf_Reg, Conf_Zero, &value_16);                    // Disable zero bits
 728              		.loc 1 156 5 view .LVU133
 729 0030 2246     		mov	r2, r4
 730 0032 4FF40061 		mov	r1, #2048
 731 0036 0220     		movs	r0, #2
 732 0038 FFF7FEFF 		bl	Reg16_Reset
 733              	.LVL56:
 157:Core/Src/AD7794.c ****     Reg16_Set(Conf_Reg, Conf_Gains, Conf_G8, &value_16);            // Gain = 16
 734              		.loc 1 157 5 view .LVU134
 735 003c 2346     		mov	r3, r4
 736 003e 4FF44072 		mov	r2, #768
 737 0042 4FF4E061 		mov	r1, #1792
 738 0046 0220     		movs	r0, #2
 739 0048 FFF7FEFF 		bl	Reg16_Set
 740              	.LVL57:
 158:Core/Src/AD7794.c ****     Reg16_Set(Conf_Reg, Conf_Ref, Conf_Int, &value_16);             // Internal 1.17v ref
 741              		.loc 1 158 5 view .LVU135
 742 004c 2346     		mov	r3, r4
 743 004e 8022     		movs	r2, #128
 744 0050 C021     		movs	r1, #192
 745 0052 0220     		movs	r0, #2
 746 0054 FFF7FEFF 		bl	Reg16_Set
 747              	.LVL58:
 159:Core/Src/AD7794.c ****     //Reg16_Reset(Conf_Reg, Conf_Ref_Det, &value_16);               // Ref detection disable
 160:Core/Src/AD7794.c ****     Reg16_Set(Conf_Reg, Conf_Ref_Det, Conf_Ref_Det, &value_16);     // Ref detection enable
 748              		.loc 1 160 5 view .LVU136
 749 0058 2346     		mov	r3, r4
 750 005a 2022     		movs	r2, #32
 751 005c 1146     		mov	r1, r2
 752 005e 0220     		movs	r0, #2
 753 0060 FFF7FEFF 		bl	Reg16_Set
 754              	.LVL59:
 161:Core/Src/AD7794.c ****     Reg16_Set(Conf_Reg, Conf_Buf, Conf_Buf, &value_16);             // Enable buffering mode
 755              		.loc 1 161 5 view .LVU137
 756 0064 2346     		mov	r3, r4
 757 0066 1022     		movs	r2, #16
 758 0068 1146     		mov	r1, r2
 759 006a 0220     		movs	r0, #2
 760 006c FFF7FEFF 		bl	Reg16_Set
 761              	.LVL60:
 162:Core/Src/AD7794.c ****     Reg16_Set(Conf_Reg, Conf_Channles, Channel, &value_16);    // Enable channle AIN1+/-
 762              		.loc 1 162 5 view .LVU138
 763 0070 2346     		mov	r3, r4
 764 0072 3246     		mov	r2, r6
 765 0074 0F21     		movs	r1, #15
 766 0076 0220     		movs	r0, #2
 767 0078 FFF7FEFF 		bl	Reg16_Set
 768              	.LVL61:
 163:Core/Src/AD7794.c ****    //Reg16_Set(Conf_Reg, Conf_Channles, Conf_Ch_Temp, &value_16);   // Enable channle temp
 164:Core/Src/AD7794.c ****     Write_16bit(Conf_Reg, value_16);                                // Write to reg
 769              		.loc 1 164 5 view .LVU139
 770 007c 2188     		ldrh	r1, [r4]
 771 007e 0220     		movs	r0, #2
ARM GAS  /tmp/cci5LYi6.s 			page 17


 772 0080 FFF7FEFF 		bl	Write_16bit
 773              	.LVL62:
 165:Core/Src/AD7794.c **** 
 166:Core/Src/AD7794.c ****     value_16 = 0;
 774              		.loc 1 166 5 view .LVU140
 775              		.loc 1 166 14 is_stmt 0 view .LVU141
 776 0084 2580     		strh	r5, [r4]	@ movhi
 167:Core/Src/AD7794.c ****    
 168:Core/Src/AD7794.c ****     Reg16_Set(Mode_Reg, Mode_Mode, Mode_Single_Conv, &value_16);
 777              		.loc 1 168 5 is_stmt 1 view .LVU142
 778 0086 2346     		mov	r3, r4
 779 0088 4FF40052 		mov	r2, #8192
 780 008c 4FF46041 		mov	r1, #57344
 781 0090 0120     		movs	r0, #1
 782 0092 FFF7FEFF 		bl	Reg16_Set
 783              	.LVL63:
 169:Core/Src/AD7794.c ****     Reg16_Set(Mode_Reg, Mode_PSW, Mode_PSW, &value_16);
 784              		.loc 1 169 5 view .LVU143
 785 0096 2346     		mov	r3, r4
 786 0098 4FF48052 		mov	r2, #4096
 787 009c 1146     		mov	r1, r2
 788 009e 0120     		movs	r0, #1
 789 00a0 FFF7FEFF 		bl	Reg16_Set
 790              	.LVL64:
 170:Core/Src/AD7794.c ****     Reg16_Reset(Mode_Reg, Mode_Zero, &value_16);
 791              		.loc 1 170 5 view .LVU144
 792 00a4 2246     		mov	r2, r4
 793 00a6 4FF47261 		mov	r1, #3872
 794 00aa 0120     		movs	r0, #1
 795 00ac FFF7FEFF 		bl	Reg16_Reset
 796              	.LVL65:
 171:Core/Src/AD7794.c ****     
 172:Core/Src/AD7794.c ****     Reg16_Set(Mode_Reg, Mode_CLK, Mode_IN_64_CLK, &value_16);
 797              		.loc 1 172 5 view .LVU145
 798 00b0 2346     		mov	r3, r4
 799 00b2 4022     		movs	r2, #64
 800 00b4 C021     		movs	r1, #192
 801 00b6 0120     		movs	r0, #1
 802 00b8 FFF7FEFF 		bl	Reg16_Set
 803              	.LVL66:
 173:Core/Src/AD7794.c ****     
 174:Core/Src/AD7794.c ****     //Reg16_Reset(Mode_Reg, Mode_Chop_DIS, &value_16);
 175:Core/Src/AD7794.c ****     Reg16_Set(Mode_Reg, Mode_Chop_DIS, Mode_Chop_DIS, &value_16);
 804              		.loc 1 175 5 view .LVU146
 805 00bc 2346     		mov	r3, r4
 806 00be 1022     		movs	r2, #16
 807 00c0 1146     		mov	r1, r2
 808 00c2 0120     		movs	r0, #1
 809 00c4 FFF7FEFF 		bl	Reg16_Set
 810              	.LVL67:
 176:Core/Src/AD7794.c ****     Reg16_Set(Mode_Reg, Mode_Rate, Mode_Rate_125Hz, &value_16);
 811              		.loc 1 176 5 view .LVU147
 812 00c8 2346     		mov	r3, r4
 813 00ca 0322     		movs	r2, #3
 814 00cc 0F21     		movs	r1, #15
 815 00ce 0120     		movs	r0, #1
 816 00d0 FFF7FEFF 		bl	Reg16_Set
ARM GAS  /tmp/cci5LYi6.s 			page 18


 817              	.LVL68:
 177:Core/Src/AD7794.c ****     
 178:Core/Src/AD7794.c ****     Write_16bit(Mode_Reg, value_16);
 818              		.loc 1 178 5 view .LVU148
 819 00d4 2188     		ldrh	r1, [r4]
 820 00d6 0120     		movs	r0, #1
 821 00d8 FFF7FEFF 		bl	Write_16bit
 822              	.LVL69:
 179:Core/Src/AD7794.c **** 
 180:Core/Src/AD7794.c ****     while( (Read_8bit(Stat_Reg) & 0x80) != 0);
 823              		.loc 1 180 5 view .LVU149
 824              	.L34:
 825              		.loc 1 180 46 discriminator 1 view .LVU150
 826              		.loc 1 180 10 discriminator 1 view .LVU151
 827              		.loc 1 180 13 is_stmt 0 discriminator 1 view .LVU152
 828 00dc 0020     		movs	r0, #0
 829 00de FFF7FEFF 		bl	Read_8bit
 830              	.LVL70:
 831              		.loc 1 180 10 discriminator 1 view .LVU153
 832 00e2 10F0800F 		tst	r0, #128
 833 00e6 F9D1     		bne	.L34
 181:Core/Src/AD7794.c ****     return (Read_24bit(Data_Reg));
 834              		.loc 1 181 5 is_stmt 1 view .LVU154
 835              		.loc 1 181 13 is_stmt 0 view .LVU155
 836 00e8 0320     		movs	r0, #3
 837 00ea FFF7FEFF 		bl	Read_24bit
 838              	.LVL71:
 182:Core/Src/AD7794.c ****     
 183:Core/Src/AD7794.c **** 
 184:Core/Src/AD7794.c **** }
 839              		.loc 1 184 1 view .LVU156
 840 00ee 70BD     		pop	{r4, r5, r6, pc}
 841              	.L37:
 842              		.align	2
 843              	.L36:
 844 00f0 00000000 		.word	.LANCHOR2
 845              		.cfi_endproc
 846              	.LFE76:
 848              		.section	.rodata.Read_All_Regs.str1.4,"aMS",%progbits,1
 849              		.align	2
 850              	.LC0:
 851 0000 53746174 		.ascii	"Stat: 0x%08x\012\015\000"
 851      3A203078 
 851      25303878 
 851      0A0D00
 852 000f 00       		.align	2
 853              	.LC1:
 854 0010 4D6F6465 		.ascii	"Mode: 0x%08x\012\015\000"
 854      3A203078 
 854      25303878 
 854      0A0D00
 855 001f 00       		.align	2
 856              	.LC2:
 857 0020 436F6E66 		.ascii	"Conf: 0x%08x\012\015\000"
 857      3A203078 
 857      25303878 
 857      0A0D00
ARM GAS  /tmp/cci5LYi6.s 			page 19


 858 002f 00       		.align	2
 859              	.LC3:
 860 0030 44617461 		.ascii	"Data: 0x%08x\012\015\000"
 860      3A203078 
 860      25303878 
 860      0A0D00
 861 003f 00       		.align	2
 862              	.LC4:
 863 0040 49443A20 		.ascii	"ID: 0x%08x\012\015\000"
 863      30782530 
 863      38780A0D 
 863      00
 864 004d 000000   		.align	2
 865              	.LC5:
 866 0050 494F3A20 		.ascii	"IO: 0x%08x\012\015\000"
 866      30782530 
 866      38780A0D 
 866      00
 867 005d 000000   		.align	2
 868              	.LC6:
 869 0060 4F666673 		.ascii	"Offset: 0x%08x\012\015\000"
 869      65743A20 
 869      30782530 
 869      38780A0D 
 869      00
 870 0071 000000   		.align	2
 871              	.LC7:
 872 0074 46756C6C 		.ascii	"Full: 0x%08x\012\015\000"
 872      3A203078 
 872      25303878 
 872      0A0D00
 873              		.section	.text.Read_All_Regs,"ax",%progbits
 874              		.align	1
 875              		.global	Read_All_Regs
 876              		.syntax unified
 877              		.thumb
 878              		.thumb_func
 880              	Read_All_Regs:
 881              	.LFB77:
 185:Core/Src/AD7794.c **** 
 186:Core/Src/AD7794.c **** void Read_All_Regs(void)
 187:Core/Src/AD7794.c **** {
 882              		.loc 1 187 1 is_stmt 1 view -0
 883              		.cfi_startproc
 884              		@ args = 0, pretend = 0, frame = 32
 885              		@ frame_needed = 0, uses_anonymous_args = 0
 886 0000 10B5     		push	{r4, lr}
 887              	.LCFI20:
 888              		.cfi_def_cfa_offset 8
 889              		.cfi_offset 4, -8
 890              		.cfi_offset 14, -4
 891 0002 88B0     		sub	sp, sp, #32
 892              	.LCFI21:
 893              		.cfi_def_cfa_offset 40
 188:Core/Src/AD7794.c ****     uint32_t Data;
 894              		.loc 1 188 5 view .LVU158
 189:Core/Src/AD7794.c ****     char str[32];
ARM GAS  /tmp/cci5LYi6.s 			page 20


 895              		.loc 1 189 5 view .LVU159
 190:Core/Src/AD7794.c **** 
 191:Core/Src/AD7794.c ****     Data = Read_8bit(Stat_Reg);
 896              		.loc 1 191 5 view .LVU160
 897              		.loc 1 191 12 is_stmt 0 view .LVU161
 898 0004 0020     		movs	r0, #0
 899 0006 FFF7FEFF 		bl	Read_8bit
 900              	.LVL72:
 901 000a 0246     		mov	r2, r0
 902              	.LVL73:
 192:Core/Src/AD7794.c ****     sprintf(str, "Stat: 0x%08x\n\r", Data);                         
 903              		.loc 1 192 5 is_stmt 1 view .LVU162
 904 000c 4749     		ldr	r1, .L40
 905 000e 6846     		mov	r0, sp
 906              	.LVL74:
 907              		.loc 1 192 5 is_stmt 0 view .LVU163
 908 0010 FFF7FEFF 		bl	sprintf
 909              	.LVL75:
 193:Core/Src/AD7794.c ****     HAL_UART_Transmit(&huart1, str, strlen(str), 1000);
 910              		.loc 1 193 5 is_stmt 1 view .LVU164
 911              		.loc 1 193 37 is_stmt 0 view .LVU165
 912 0014 6846     		mov	r0, sp
 913 0016 FFF7FEFF 		bl	strlen
 914              	.LVL76:
 915              		.loc 1 193 5 view .LVU166
 916 001a 454C     		ldr	r4, .L40+4
 917 001c 4FF47A73 		mov	r3, #1000
 918 0020 82B2     		uxth	r2, r0
 919 0022 6946     		mov	r1, sp
 920 0024 2046     		mov	r0, r4
 921 0026 FFF7FEFF 		bl	HAL_UART_Transmit
 922              	.LVL77:
 194:Core/Src/AD7794.c **** 
 195:Core/Src/AD7794.c **** 
 196:Core/Src/AD7794.c ****     Data = Read_16bit(Mode_Reg);
 923              		.loc 1 196 5 is_stmt 1 view .LVU167
 924              		.loc 1 196 12 is_stmt 0 view .LVU168
 925 002a 0120     		movs	r0, #1
 926 002c FFF7FEFF 		bl	Read_16bit
 927              	.LVL78:
 928 0030 0246     		mov	r2, r0
 929              	.LVL79:
 197:Core/Src/AD7794.c ****     sprintf(str, "Mode: 0x%08x\n\r", Data);                         
 930              		.loc 1 197 5 is_stmt 1 view .LVU169
 931 0032 4049     		ldr	r1, .L40+8
 932 0034 6846     		mov	r0, sp
 933              	.LVL80:
 934              		.loc 1 197 5 is_stmt 0 view .LVU170
 935 0036 FFF7FEFF 		bl	sprintf
 936              	.LVL81:
 198:Core/Src/AD7794.c ****     HAL_UART_Transmit(&huart1, str, strlen(str), 1000);
 937              		.loc 1 198 5 is_stmt 1 view .LVU171
 938              		.loc 1 198 37 is_stmt 0 view .LVU172
 939 003a 6846     		mov	r0, sp
 940 003c FFF7FEFF 		bl	strlen
 941              	.LVL82:
 942              		.loc 1 198 5 view .LVU173
ARM GAS  /tmp/cci5LYi6.s 			page 21


 943 0040 4FF47A73 		mov	r3, #1000
 944 0044 82B2     		uxth	r2, r0
 945 0046 6946     		mov	r1, sp
 946 0048 2046     		mov	r0, r4
 947 004a FFF7FEFF 		bl	HAL_UART_Transmit
 948              	.LVL83:
 199:Core/Src/AD7794.c **** 
 200:Core/Src/AD7794.c ****     Data = Read_16bit(Conf_Reg);
 949              		.loc 1 200 5 is_stmt 1 view .LVU174
 950              		.loc 1 200 12 is_stmt 0 view .LVU175
 951 004e 0220     		movs	r0, #2
 952 0050 FFF7FEFF 		bl	Read_16bit
 953              	.LVL84:
 954 0054 0246     		mov	r2, r0
 955              	.LVL85:
 201:Core/Src/AD7794.c ****     sprintf(str, "Conf: 0x%08x\n\r", Data);                         
 956              		.loc 1 201 5 is_stmt 1 view .LVU176
 957 0056 3849     		ldr	r1, .L40+12
 958 0058 6846     		mov	r0, sp
 959              	.LVL86:
 960              		.loc 1 201 5 is_stmt 0 view .LVU177
 961 005a FFF7FEFF 		bl	sprintf
 962              	.LVL87:
 202:Core/Src/AD7794.c ****     HAL_UART_Transmit(&huart1, str, strlen(str), 1000);
 963              		.loc 1 202 5 is_stmt 1 view .LVU178
 964              		.loc 1 202 37 is_stmt 0 view .LVU179
 965 005e 6846     		mov	r0, sp
 966 0060 FFF7FEFF 		bl	strlen
 967              	.LVL88:
 968              		.loc 1 202 5 view .LVU180
 969 0064 4FF47A73 		mov	r3, #1000
 970 0068 82B2     		uxth	r2, r0
 971 006a 6946     		mov	r1, sp
 972 006c 2046     		mov	r0, r4
 973 006e FFF7FEFF 		bl	HAL_UART_Transmit
 974              	.LVL89:
 203:Core/Src/AD7794.c **** 
 204:Core/Src/AD7794.c ****     Data = Read_24bit(Data_Reg);
 975              		.loc 1 204 5 is_stmt 1 view .LVU181
 976              		.loc 1 204 12 is_stmt 0 view .LVU182
 977 0072 0320     		movs	r0, #3
 978 0074 FFF7FEFF 		bl	Read_24bit
 979              	.LVL90:
 980 0078 0246     		mov	r2, r0
 981              	.LVL91:
 205:Core/Src/AD7794.c ****     sprintf(str, "Data: 0x%08x\n\r", Data);                         
 982              		.loc 1 205 5 is_stmt 1 view .LVU183
 983 007a 3049     		ldr	r1, .L40+16
 984 007c 6846     		mov	r0, sp
 985              	.LVL92:
 986              		.loc 1 205 5 is_stmt 0 view .LVU184
 987 007e FFF7FEFF 		bl	sprintf
 988              	.LVL93:
 206:Core/Src/AD7794.c ****     HAL_UART_Transmit(&huart1, str, strlen(str), 1000);
 989              		.loc 1 206 5 is_stmt 1 view .LVU185
 990              		.loc 1 206 37 is_stmt 0 view .LVU186
 991 0082 6846     		mov	r0, sp
ARM GAS  /tmp/cci5LYi6.s 			page 22


 992 0084 FFF7FEFF 		bl	strlen
 993              	.LVL94:
 994              		.loc 1 206 5 view .LVU187
 995 0088 4FF47A73 		mov	r3, #1000
 996 008c 82B2     		uxth	r2, r0
 997 008e 6946     		mov	r1, sp
 998 0090 2046     		mov	r0, r4
 999 0092 FFF7FEFF 		bl	HAL_UART_Transmit
 1000              	.LVL95:
 207:Core/Src/AD7794.c **** 
 208:Core/Src/AD7794.c ****     Data = Read_8bit(ID_Reg);
 1001              		.loc 1 208 5 is_stmt 1 view .LVU188
 1002              		.loc 1 208 12 is_stmt 0 view .LVU189
 1003 0096 0420     		movs	r0, #4
 1004 0098 FFF7FEFF 		bl	Read_8bit
 1005              	.LVL96:
 1006 009c 0246     		mov	r2, r0
 1007              	.LVL97:
 209:Core/Src/AD7794.c ****     sprintf(str, "ID: 0x%08x\n\r", Data);                         
 1008              		.loc 1 209 5 is_stmt 1 view .LVU190
 1009 009e 2849     		ldr	r1, .L40+20
 1010 00a0 6846     		mov	r0, sp
 1011              	.LVL98:
 1012              		.loc 1 209 5 is_stmt 0 view .LVU191
 1013 00a2 FFF7FEFF 		bl	sprintf
 1014              	.LVL99:
 210:Core/Src/AD7794.c ****     HAL_UART_Transmit(&huart1, str, strlen(str), 1000);
 1015              		.loc 1 210 5 is_stmt 1 view .LVU192
 1016              		.loc 1 210 37 is_stmt 0 view .LVU193
 1017 00a6 6846     		mov	r0, sp
 1018 00a8 FFF7FEFF 		bl	strlen
 1019              	.LVL100:
 1020              		.loc 1 210 5 view .LVU194
 1021 00ac 4FF47A73 		mov	r3, #1000
 1022 00b0 82B2     		uxth	r2, r0
 1023 00b2 6946     		mov	r1, sp
 1024 00b4 2046     		mov	r0, r4
 1025 00b6 FFF7FEFF 		bl	HAL_UART_Transmit
 1026              	.LVL101:
 211:Core/Src/AD7794.c **** 
 212:Core/Src/AD7794.c ****     Data = Read_8bit(IO_Reg);
 1027              		.loc 1 212 5 is_stmt 1 view .LVU195
 1028              		.loc 1 212 12 is_stmt 0 view .LVU196
 1029 00ba 0520     		movs	r0, #5
 1030 00bc FFF7FEFF 		bl	Read_8bit
 1031              	.LVL102:
 1032 00c0 0246     		mov	r2, r0
 1033              	.LVL103:
 213:Core/Src/AD7794.c ****     sprintf(str, "IO: 0x%08x\n\r", Data);                         
 1034              		.loc 1 213 5 is_stmt 1 view .LVU197
 1035 00c2 2049     		ldr	r1, .L40+24
 1036 00c4 6846     		mov	r0, sp
 1037              	.LVL104:
 1038              		.loc 1 213 5 is_stmt 0 view .LVU198
 1039 00c6 FFF7FEFF 		bl	sprintf
 1040              	.LVL105:
 214:Core/Src/AD7794.c ****     HAL_UART_Transmit(&huart1, str, strlen(str), 1000);
ARM GAS  /tmp/cci5LYi6.s 			page 23


 1041              		.loc 1 214 5 is_stmt 1 view .LVU199
 1042              		.loc 1 214 37 is_stmt 0 view .LVU200
 1043 00ca 6846     		mov	r0, sp
 1044 00cc FFF7FEFF 		bl	strlen
 1045              	.LVL106:
 1046              		.loc 1 214 5 view .LVU201
 1047 00d0 4FF47A73 		mov	r3, #1000
 1048 00d4 82B2     		uxth	r2, r0
 1049 00d6 6946     		mov	r1, sp
 1050 00d8 2046     		mov	r0, r4
 1051 00da FFF7FEFF 		bl	HAL_UART_Transmit
 1052              	.LVL107:
 215:Core/Src/AD7794.c **** 
 216:Core/Src/AD7794.c ****     Data = Read_24bit(Offset_Reg);
 1053              		.loc 1 216 5 is_stmt 1 view .LVU202
 1054              		.loc 1 216 12 is_stmt 0 view .LVU203
 1055 00de 0620     		movs	r0, #6
 1056 00e0 FFF7FEFF 		bl	Read_24bit
 1057              	.LVL108:
 1058 00e4 0246     		mov	r2, r0
 1059              	.LVL109:
 217:Core/Src/AD7794.c ****     sprintf(str, "Offset: 0x%08x\n\r", Data);                         
 1060              		.loc 1 217 5 is_stmt 1 view .LVU204
 1061 00e6 1849     		ldr	r1, .L40+28
 1062 00e8 6846     		mov	r0, sp
 1063              	.LVL110:
 1064              		.loc 1 217 5 is_stmt 0 view .LVU205
 1065 00ea FFF7FEFF 		bl	sprintf
 1066              	.LVL111:
 218:Core/Src/AD7794.c ****     HAL_UART_Transmit(&huart1, str, strlen(str), 1000);
 1067              		.loc 1 218 5 is_stmt 1 view .LVU206
 1068              		.loc 1 218 37 is_stmt 0 view .LVU207
 1069 00ee 6846     		mov	r0, sp
 1070 00f0 FFF7FEFF 		bl	strlen
 1071              	.LVL112:
 1072              		.loc 1 218 5 view .LVU208
 1073 00f4 4FF47A73 		mov	r3, #1000
 1074 00f8 82B2     		uxth	r2, r0
 1075 00fa 6946     		mov	r1, sp
 1076 00fc 2046     		mov	r0, r4
 1077 00fe FFF7FEFF 		bl	HAL_UART_Transmit
 1078              	.LVL113:
 219:Core/Src/AD7794.c **** 
 220:Core/Src/AD7794.c ****     Data = Read_24bit(Full_Reg);
 1079              		.loc 1 220 5 is_stmt 1 view .LVU209
 1080              		.loc 1 220 12 is_stmt 0 view .LVU210
 1081 0102 0720     		movs	r0, #7
 1082 0104 FFF7FEFF 		bl	Read_24bit
 1083              	.LVL114:
 1084 0108 0246     		mov	r2, r0
 1085              	.LVL115:
 221:Core/Src/AD7794.c ****     sprintf(str, "Full: 0x%08x\n\r", Data);                         
 1086              		.loc 1 221 5 is_stmt 1 view .LVU211
 1087 010a 1049     		ldr	r1, .L40+32
 1088 010c 6846     		mov	r0, sp
 1089              	.LVL116:
 1090              		.loc 1 221 5 is_stmt 0 view .LVU212
ARM GAS  /tmp/cci5LYi6.s 			page 24


 1091 010e FFF7FEFF 		bl	sprintf
 1092              	.LVL117:
 222:Core/Src/AD7794.c ****     HAL_UART_Transmit(&huart1, str, strlen(str), 1000);
 1093              		.loc 1 222 5 is_stmt 1 view .LVU213
 1094              		.loc 1 222 37 is_stmt 0 view .LVU214
 1095 0112 6846     		mov	r0, sp
 1096 0114 FFF7FEFF 		bl	strlen
 1097              	.LVL118:
 1098              		.loc 1 222 5 view .LVU215
 1099 0118 4FF47A73 		mov	r3, #1000
 1100 011c 82B2     		uxth	r2, r0
 1101 011e 6946     		mov	r1, sp
 1102 0120 2046     		mov	r0, r4
 1103 0122 FFF7FEFF 		bl	HAL_UART_Transmit
 1104              	.LVL119:
 223:Core/Src/AD7794.c **** }...
 1105              		.loc 1 223 1 view .LVU216
 1106 0126 08B0     		add	sp, sp, #32
 1107              	.LCFI22:
 1108              		.cfi_def_cfa_offset 8
 1109              		@ sp needed
 1110 0128 10BD     		pop	{r4, pc}
 1111              	.L41:
 1112 012a 00BF     		.align	2
 1113              	.L40:
 1114 012c 00000000 		.word	.LC0
 1115 0130 00000000 		.word	huart1
 1116 0134 10000000 		.word	.LC1
 1117 0138 20000000 		.word	.LC2
 1118 013c 30000000 		.word	.LC3
 1119 0140 40000000 		.word	.LC4
 1120 0144 50000000 		.word	.LC5
 1121 0148 60000000 		.word	.LC6
 1122 014c 74000000 		.word	.LC7
 1123              		.cfi_endproc
 1124              	.LFE77:
 1126              		.section	.bss.value_16.0,"aw",%nobits
 1127              		.align	1
 1128              		.set	.LANCHOR2,. + 0
 1131              	value_16.0:
 1132 0000 0000     		.space	2
 1133              		.section	.bss.value_16.2,"aw",%nobits
 1134              		.align	1
 1135              		.set	.LANCHOR0,. + 0
 1138              	value_16.2:
 1139 0000 0000     		.space	2
 1140              		.section	.bss.value_8.1,"aw",%nobits
 1141              		.set	.LANCHOR1,. + 0
 1144              	value_8.1:
 1145 0000 00       		.space	1
 1146              		.text
 1147              	.Letext0:
 1148              		.file 2 "/home/seradya/toolchains/gcc-arm-none-eabi-10.3-2021.10/arm-none-eabi/include/machine/_de
 1149              		.file 3 "/home/seradya/toolchains/gcc-arm-none-eabi-10.3-2021.10/arm-none-eabi/include/sys/_stdint
 1150              		.file 4 "Drivers/CMSIS/Device/ST/STM32F1xx/Include/stm32f103xb.h"
 1151              		.file 5 "Drivers/STM32F1xx_HAL_Driver/Inc/stm32f1xx_hal_def.h"
 1152              		.file 6 "Drivers/STM32F1xx_HAL_Driver/Inc/stm32f1xx_hal_dma.h"
ARM GAS  /tmp/cci5LYi6.s 			page 25


 1153              		.file 7 "Drivers/STM32F1xx_HAL_Driver/Inc/stm32f1xx_hal_spi.h"
 1154              		.file 8 "Drivers/STM32F1xx_HAL_Driver/Inc/stm32f1xx_hal_uart.h"
 1155              		.file 9 "Core/Inc/spi.h"
 1156              		.file 10 "Core/Inc/usart.h"
 1157              		.file 11 "<built-in>"
ARM GAS  /tmp/cci5LYi6.s 			page 26


DEFINED SYMBOLS
                            *ABS*:0000000000000000 AD7794.c
     /tmp/cci5LYi6.s:18     .text.Read_8bit:0000000000000000 $t
     /tmp/cci5LYi6.s:24     .text.Read_8bit:0000000000000000 Read_8bit
     /tmp/cci5LYi6.s:81     .text.Read_8bit:0000000000000038 $d
     /tmp/cci5LYi6.s:86     .text.Read_16bit:0000000000000000 $t
     /tmp/cci5LYi6.s:92     .text.Read_16bit:0000000000000000 Read_16bit
     /tmp/cci5LYi6.s:156    .text.Read_16bit:0000000000000044 $d
     /tmp/cci5LYi6.s:161    .text.Read_24bit:0000000000000000 $t
     /tmp/cci5LYi6.s:167    .text.Read_24bit:0000000000000000 Read_24bit
     /tmp/cci5LYi6.s:233    .text.Read_24bit:000000000000004c $d
     /tmp/cci5LYi6.s:238    .text.Write_8bit:0000000000000000 $t
     /tmp/cci5LYi6.s:244    .text.Write_8bit:0000000000000000 Write_8bit
     /tmp/cci5LYi6.s:293    .text.Write_8bit:0000000000000034 $d
     /tmp/cci5LYi6.s:298    .text.Write_16bit:0000000000000000 $t
     /tmp/cci5LYi6.s:304    .text.Write_16bit:0000000000000000 Write_16bit
     /tmp/cci5LYi6.s:357    .text.Write_16bit:0000000000000038 $d
     /tmp/cci5LYi6.s:362    .text.Write_24bit:0000000000000000 $t
     /tmp/cci5LYi6.s:368    .text.Write_24bit:0000000000000000 Write_24bit
     /tmp/cci5LYi6.s:422    .text.Write_24bit:0000000000000038 $d
     /tmp/cci5LYi6.s:427    .text.Reg16_Set:0000000000000000 $t
     /tmp/cci5LYi6.s:433    .text.Reg16_Set:0000000000000000 Reg16_Set
     /tmp/cci5LYi6.s:461    .text.Reg16_Reset:0000000000000000 $t
     /tmp/cci5LYi6.s:467    .text.Reg16_Reset:0000000000000000 Reg16_Reset
     /tmp/cci5LYi6.s:486    .text.Reg8_Set:0000000000000000 $t
     /tmp/cci5LYi6.s:492    .text.Reg8_Set:0000000000000000 Reg8_Set
     /tmp/cci5LYi6.s:520    .text.Reg8_Reset:0000000000000000 $t
     /tmp/cci5LYi6.s:526    .text.Reg8_Reset:0000000000000000 Reg8_Reset
     /tmp/cci5LYi6.s:545    .text.AD7794_Init:0000000000000000 $t
     /tmp/cci5LYi6.s:551    .text.AD7794_Init:0000000000000000 AD7794_Init
     /tmp/cci5LYi6.s:673    .text.AD7794_Init:00000000000000b8 $d
     /tmp/cci5LYi6.s:679    .text.AD7794_Single_Conversion:0000000000000000 $t
     /tmp/cci5LYi6.s:685    .text.AD7794_Single_Conversion:0000000000000000 AD7794_Single_Conversion
     /tmp/cci5LYi6.s:844    .text.AD7794_Single_Conversion:00000000000000f0 $d
     /tmp/cci5LYi6.s:849    .rodata.Read_All_Regs.str1.4:0000000000000000 $d
     /tmp/cci5LYi6.s:874    .text.Read_All_Regs:0000000000000000 $t
     /tmp/cci5LYi6.s:880    .text.Read_All_Regs:0000000000000000 Read_All_Regs
     /tmp/cci5LYi6.s:1114   .text.Read_All_Regs:000000000000012c $d
     /tmp/cci5LYi6.s:1127   .bss.value_16.0:0000000000000000 $d
     /tmp/cci5LYi6.s:1131   .bss.value_16.0:0000000000000000 value_16.0
     /tmp/cci5LYi6.s:1134   .bss.value_16.2:0000000000000000 $d
     /tmp/cci5LYi6.s:1138   .bss.value_16.2:0000000000000000 value_16.2
     /tmp/cci5LYi6.s:1144   .bss.value_8.1:0000000000000000 value_8.1
     /tmp/cci5LYi6.s:1145   .bss.value_8.1:0000000000000000 $d

UNDEFINED SYMBOLS
HAL_SPI_Transmit
HAL_SPI_Receive
hspi1
reverse_bytes_24
sprintf
strlen
HAL_UART_Transmit
huart1
